<?xml version="1.0" encoding="UTF-8"?>
<<<<<<< HEAD
<testsuite xmlns:xsi="http://www.w3.org/2001/XMLSchema-instance" xsi:noNamespaceSchemaLocation="https://maven.apache.org/surefire/maven-surefire-plugin/xsd/surefire-test-report-3.0.xsd" version="3.0" name="edu.eci.cvds.tdd.library.LibraryTest" time="0.057" tests="4" errors="0" skipped="0" failures="0">
=======
<testsuite xmlns:xsi="http://www.w3.org/2001/XMLSchema-instance" xsi:noNamespaceSchemaLocation="https://maven.apache.org/surefire/maven-surefire-plugin/xsd/surefire-test-report-3.0.xsd" version="3.0" name="edu.eci.cvds.tdd.library.LibraryTest" time="0.125" tests="6" errors="0" skipped="0" failures="0">
>>>>>>> main
  <properties>
    <property name="java.specification.version" value="21"/>
    <property name="sun.cpu.isalist" value="amd64"/>
    <property name="sun.jnu.encoding" value="Cp1252"/>
<<<<<<< HEAD
    <property name="java.class.path" value="C:\Users\santi\Desktop\lab03-cvds\Library\target\test-classes;C:\Users\santi\Desktop\lab03-cvds\Library\target\classes;C:\Users\santi\.m2\repository\org\junit\jupiter\junit-jupiter-api\5.11.0\junit-jupiter-api-5.11.0.jar;C:\Users\santi\.m2\repository\org\opentest4j\opentest4j\1.3.0\opentest4j-1.3.0.jar;C:\Users\santi\.m2\repository\org\junit\platform\junit-platform-commons\1.11.0\junit-platform-commons-1.11.0.jar;C:\Users\santi\.m2\repository\org\apiguardian\apiguardian-api\1.1.2\apiguardian-api-1.1.2.jar;"/>
=======
    <property name="java.class.path" value="C:\Users\Santiago\Downloads\cvds\lab03-cvds\Library\target\test-classes;C:\Users\Santiago\Downloads\cvds\lab03-cvds\Library\target\classes;C:\Users\Santiago\.m2\repository\org\junit\jupiter\junit-jupiter-api\5.11.0\junit-jupiter-api-5.11.0.jar;C:\Users\Santiago\.m2\repository\org\opentest4j\opentest4j\1.3.0\opentest4j-1.3.0.jar;C:\Users\Santiago\.m2\repository\org\junit\platform\junit-platform-commons\1.11.0\junit-platform-commons-1.11.0.jar;C:\Users\Santiago\.m2\repository\org\apiguardian\apiguardian-api\1.1.2\apiguardian-api-1.1.2.jar;"/>
>>>>>>> main
    <property name="java.vm.vendor" value="Oracle Corporation"/>
    <property name="sun.arch.data.model" value="64"/>
    <property name="user.variant" value=""/>
    <property name="java.vendor.url" value="https://java.oracle.com/"/>
    <property name="user.timezone" value="America/Bogota"/>
<<<<<<< HEAD
    <property name="os.name" value="Windows 10"/>
=======
    <property name="os.name" value="Windows 11"/>
>>>>>>> main
    <property name="java.vm.specification.version" value="21"/>
    <property name="sun.java.launcher" value="SUN_STANDARD"/>
    <property name="user.country" value="CO"/>
    <property name="sun.boot.library.path" value="C:\Program Files\Java\jdk-21\bin"/>
<<<<<<< HEAD
    <property name="sun.java.command" value="C:\Users\santi\AppData\Local\Temp\surefire13791241008723842342\surefirebooter-20240901183707205_3.jar C:\Users\santi\AppData\Local\Temp\surefire13791241008723842342 2024-09-01T18-37-07_064-jvmRun1 surefire-20240901183707205_1tmp surefire_0-20240901183707205_2tmp"/>
    <property name="jdk.debug" value="release"/>
    <property name="surefire.test.class.path" value="C:\Users\santi\Desktop\lab03-cvds\Library\target\test-classes;C:\Users\santi\Desktop\lab03-cvds\Library\target\classes;C:\Users\santi\.m2\repository\org\junit\jupiter\junit-jupiter-api\5.11.0\junit-jupiter-api-5.11.0.jar;C:\Users\santi\.m2\repository\org\opentest4j\opentest4j\1.3.0\opentest4j-1.3.0.jar;C:\Users\santi\.m2\repository\org\junit\platform\junit-platform-commons\1.11.0\junit-platform-commons-1.11.0.jar;C:\Users\santi\.m2\repository\org\apiguardian\apiguardian-api\1.1.2\apiguardian-api-1.1.2.jar;"/>
    <property name="sun.cpu.endian" value="little"/>
    <property name="user.home" value="C:\Users\santi"/>
    <property name="user.language" value="es"/>
    <property name="java.specification.vendor" value="Oracle Corporation"/>
    <property name="java.version.date" value="2024-01-16"/>
    <property name="java.home" value="C:\Program Files\Java\jdk-21"/>
    <property name="file.separator" value="\"/>
    <property name="basedir" value="C:\Users\santi\Desktop\lab03-cvds\Library"/>
    <property name="java.vm.compressedOopsMode" value="32-bit"/>
    <property name="line.separator" value="&#10;"/>
    <property name="java.vm.specification.vendor" value="Oracle Corporation"/>
    <property name="java.specification.name" value="Java Platform API Specification"/>
    <property name="surefire.real.class.path" value="C:\Users\santi\AppData\Local\Temp\surefire13791241008723842342\surefirebooter-20240901183707205_3.jar"/>
    <property name="user.script" value=""/>
    <property name="sun.management.compiler" value="HotSpot 64-Bit Tiered Compilers"/>
    <property name="java.runtime.version" value="21.0.2+13-LTS-58"/>
    <property name="user.name" value="santi"/>
=======
    <property name="sun.java.command" value="C:\Users\Santiago\AppData\Local\Temp\surefire10964951109517465368\surefirebooter-20240829201630736_3.jar C:\Users\Santiago\AppData\Local\Temp\surefire10964951109517465368 2024-08-29T20-16-30_403-jvmRun1 surefire-20240829201630736_1tmp surefire_0-20240829201630736_2tmp"/>
    <property name="jdk.debug" value="release"/>
    <property name="surefire.test.class.path" value="C:\Users\Santiago\Downloads\cvds\lab03-cvds\Library\target\test-classes;C:\Users\Santiago\Downloads\cvds\lab03-cvds\Library\target\classes;C:\Users\Santiago\.m2\repository\org\junit\jupiter\junit-jupiter-api\5.11.0\junit-jupiter-api-5.11.0.jar;C:\Users\Santiago\.m2\repository\org\opentest4j\opentest4j\1.3.0\opentest4j-1.3.0.jar;C:\Users\Santiago\.m2\repository\org\junit\platform\junit-platform-commons\1.11.0\junit-platform-commons-1.11.0.jar;C:\Users\Santiago\.m2\repository\org\apiguardian\apiguardian-api\1.1.2\apiguardian-api-1.1.2.jar;"/>
    <property name="sun.cpu.endian" value="little"/>
    <property name="user.home" value="C:\Users\Santiago"/>
    <property name="user.language" value="es"/>
    <property name="java.specification.vendor" value="Oracle Corporation"/>
    <property name="java.version.date" value="2023-10-17"/>
    <property name="java.home" value="C:\Program Files\Java\jdk-21"/>
    <property name="file.separator" value="\"/>
    <property name="basedir" value="C:\Users\Santiago\Downloads\cvds\lab03-cvds\Library"/>
    <property name="java.vm.compressedOopsMode" value="Zero based"/>
    <property name="line.separator" value="&#10;"/>
    <property name="java.vm.specification.vendor" value="Oracle Corporation"/>
    <property name="java.specification.name" value="Java Platform API Specification"/>
    <property name="surefire.real.class.path" value="C:\Users\Santiago\AppData\Local\Temp\surefire10964951109517465368\surefirebooter-20240829201630736_3.jar"/>
    <property name="user.script" value=""/>
    <property name="sun.management.compiler" value="HotSpot 64-Bit Tiered Compilers"/>
    <property name="java.runtime.version" value="21.0.1+12-LTS-29"/>
    <property name="user.name" value="Santiago"/>
>>>>>>> main
    <property name="stdout.encoding" value="Cp1252"/>
    <property name="path.separator" value=";"/>
    <property name="os.version" value="10.0"/>
    <property name="java.runtime.name" value="Java(TM) SE Runtime Environment"/>
    <property name="file.encoding" value="UTF-8"/>
    <property name="java.vm.name" value="Java HotSpot(TM) 64-Bit Server VM"/>
<<<<<<< HEAD
    <property name="localRepository" value="C:\Users\santi\.m2\repository"/>
    <property name="java.vendor.url.bug" value="https://bugreport.java.com/bugreport/"/>
    <property name="java.io.tmpdir" value="C:\Users\santi\AppData\Local\Temp\"/>
    <property name="java.version" value="21.0.2"/>
    <property name="user.dir" value="C:\Users\santi\Desktop\lab03-cvds\Library"/>
=======
    <property name="localRepository" value="C:\Users\Santiago\.m2\repository"/>
    <property name="java.vendor.url.bug" value="https://bugreport.java.com/bugreport/"/>
    <property name="java.io.tmpdir" value="C:\Users\Santiago\AppData\Local\Temp\"/>
    <property name="java.version" value="21.0.1"/>
    <property name="user.dir" value="C:\Users\Santiago\Downloads\cvds\lab03-cvds\Library"/>
>>>>>>> main
    <property name="os.arch" value="amd64"/>
    <property name="java.vm.specification.name" value="Java Virtual Machine Specification"/>
    <property name="sun.os.patch.level" value=""/>
    <property name="native.encoding" value="Cp1252"/>
<<<<<<< HEAD
    <property name="java.library.path" value="C:\Program Files\Java\jdk-21\bin;C:\Windows\Sun\Java\bin;C:\Windows\system32;C:\Windows;C:\Program Files\Common Files\Oracle\Java\javapath;C:\app\santi\product\21c\dbhomeXE\bin;C:\ProgramData\Oracle\Java\javapath;C:\Windows\system32;C:\Windows;C:\Windows\System32\Wbem;C:\Windows\System32\WindowsPowerShell\v1.0\;C:\Windows\System32\OpenSSH\;C:\Program Files\PuTTY\;C:\Program Files\Git\cmd;C:\Users\santi\AppData\Local\Programs\Python\Python312\Scripts\;C:\Users\santi\AppData\Local\Programs\Python\Python312\;C:\Users\santi\AppData\Local\Microsoft\WindowsApps;C:\Users\santi\AppData\Local\Programs\Microsoft VS Code\bin;C:\espacio\apache-maven-3.9.9\bin;;."/>
    <property name="java.vm.info" value="mixed mode, sharing"/>
    <property name="stderr.encoding" value="Cp1252"/>
    <property name="java.vendor" value="Oracle Corporation"/>
    <property name="java.vm.version" value="21.0.2+13-LTS-58"/>
    <property name="sun.io.unicode.encoding" value="UnicodeLittle"/>
    <property name="java.class.version" value="65.0"/>
  </properties>
  <testcase name="returnLoanActualDate" classname="edu.eci.cvds.tdd.library.LibraryTest" time="0.026"/>
  <testcase name="returnLoanStatusShouldBeReturned" classname="edu.eci.cvds.tdd.library.LibraryTest" time="0.001"/>
  <testcase name="returnLoanNumberOfBookIncrement" classname="edu.eci.cvds.tdd.library.LibraryTest" time="0.001"/>
  <testcase name="returnLoan" classname="edu.eci.cvds.tdd.library.LibraryTest" time="0.003"/>
=======
    <property name="java.library.path" value="C:\Program Files\Java\jdk-21\bin;C:\WINDOWS\Sun\Java\bin;C:\WINDOWS\system32;C:\WINDOWS;C:\Program Files\Common Files\Oracle\Java\javapath;C:\Program Files (x86)\Common Files\Oracle\Java\javapath;C:\WINDOWS\system32;C:\WINDOWS;C:\WINDOWS\System32\Wbem;C:\WINDOWS\System32\WindowsPowerShell\v1.0\;C:\WINDOWS\System32\OpenSSH\;C:\Users\Santiago\Downloads\colony-2023-2\colony-2023-2\colony-2023-2\colony-2023-2\punto jar\colony\bin;C:\Program Files\PuTTY\;C:\Program Files\php-8.3.10-Win32-vs16-x64;C:\composer;C:\Program Files\7-Zip;C:\Program Files\Git\cmd;C:\ProgramData\chocolatey\bin;C:\Program Files\nodejs\;C:\Maven\apache-maven-3.9.9\bin;C:\Python27;C:\Python27\Scripts;C:\Users\Santiago\AppData\Local\Microsoft\WindowsApps;C:\Users\Santiago\AppData\Local\Programs\Microsoft VS Code\bin;C:\Users\Santiago\Downloads\colony-2023-2\colony-2023-2\colony-2023-2\colony-2023-2\punto jar\colony\bin;C:\Users\Santiago\AppData\Roaming\Composer\vendor\bin;C:\Users\Santiago\AppData\Local\GitHubDesktop\bin;C:\Program Files\Git\bin;C:\Users\Santiago\AppData\Roaming\npm;C:\xampp\php;;."/>
    <property name="java.vm.info" value="mixed mode, sharing"/>
    <property name="stderr.encoding" value="Cp1252"/>
    <property name="java.vendor" value="Oracle Corporation"/>
    <property name="java.vm.version" value="21.0.1+12-LTS-29"/>
    <property name="sun.io.unicode.encoding" value="UnicodeLittle"/>
    <property name="java.class.version" value="65.0"/>
  </properties>
  <testcase name="addLoanUserAndBookFalse" classname="edu.eci.cvds.tdd.library.LibraryTest" time="0.055"/>
  <testcase name="testAddBook" classname="edu.eci.cvds.tdd.library.LibraryTest" time="0.004"/>
  <testcase name="addLoan" classname="edu.eci.cvds.tdd.library.LibraryTest" time="0.005"/>
  <testcase name="addLoanBookShrinkage" classname="edu.eci.cvds.tdd.library.LibraryTest" time="0.002"/>
  <testcase name="addBookTestIfBookIsNull" classname="edu.eci.cvds.tdd.library.LibraryTest" time="0.004"/>
  <testcase name="addBookTestIfRepeated" classname="edu.eci.cvds.tdd.library.LibraryTest" time="0.002"/>
>>>>>>> main
</testsuite>